# JRE version: OpenJDK Runtime Environment (8.0_242) (build 1.8.0_242-release-1644-b3-6915495)
# Java VM: OpenJDK 64-Bit Server VM (25.242-b3-6915495 mixed mode bsd-amd64 compressed oops)
Heap:
 PSYoungGen      total 369664K, used 364683K [0x00000007a0000000, 0x00000007b8a00000, 0x00000007c0000000)
  eden space 340992K, 100% used [0x00000007a0000000,0x00000007b4d00000,0x00000007b4d00000)
  from space 28672K, 82% used [0x00000007b6d00000,0x00000007b8422fe0,0x00000007b8900000)
  to   space 31232K, 83% used [0x00000007b4d00000,0x00000007b666a388,0x00000007b6b80000)
 ParOldGen       total 194048K, used 67127K [0x0000000760000000, 0x000000076bd80000, 0x00000007a0000000)
  object space 194048K, 34% used [0x0000000760000000,0x000000076418ded8,0x000000076bd80000)
 Metaspace       used 96834K, capacity 101684K, committed 102056K, reserved 1138688K
  class space    used 12643K, capacity 13582K, committed 13744K, reserved 1048576K
GC Heap History (10 events):
Event: 73.449 GC heap after
Heap after GC invocations=20 (full 3):
 PSYoungGen      total 318464K, used 9942K [0x00000007a0000000, 0x00000007b7300000, 0x00000007c0000000)
  eden space 287744K, 0% used [0x00000007a0000000,0x00000007a0000000,0x00000007b1900000)
  from space 30720K, 32% used [0x00000007b1900000,0x00000007b22b58f0,0x00000007b3700000)
  to   space 29696K, 0% used [0x00000007b5600000,0x00000007b5600000,0x00000007b7300000)
 ParOldGen       total 123392K, used 79952K [0x0000000760000000, 0x0000000767880000, 0x00000007a0000000)
  object space 123392K, 64% used [0x0000000760000000,0x0000000764e141f0,0x0000000767880000)
 Metaspace       used 92356K, capacity 97362K, committed 97576K, reserved 1134592K
  class space    used 12326K, capacity 13275K, committed 13360K, reserved 1048576K
}
Event: 145.653 GC heap before
{Heap before GC invocations=21 (full 3):
 PSYoungGen      total 318464K, used 93346K [0x00000007a0000000, 0x00000007b7300000, 0x00000007c0000000)
  eden space 287744K, 28% used [0x00000007a0000000,0x00000007a5172fd0,0x00000007b1900000)
  from space 30720K, 32% used [0x00000007b1900000,0x00000007b22b58f0,0x00000007b3700000)
  to   space 29696K, 0% used [0x00000007b5600000,0x00000007b5600000,0x00000007b7300000)
 ParOldGen       total 123392K, used 79952K [0x0000000760000000, 0x0000000767880000, 0x00000007a0000000)
  object space 123392K, 64% used [0x0000000760000000,0x0000000764e141f0,0x0000000767880000)
 Metaspace       used 93564K, capacity 98528K, committed 98600K, reserved 1134592K
  class space    used 12398K, capacity 13332K, committed 13360K, reserved 1048576K
Event: 145.670 GC heap after
Heap after GC invocations=21 (full 3):
 PSYoungGen      total 336896K, used 7465K [0x00000007a0000000, 0x00000007b6c00000, 0x00000007c0000000)
  eden space 314368K, 0% used [0x00000007a0000000,0x00000007a0000000,0x00000007b3300000)
  from space 22528K, 33% used [0x00000007b5600000,0x00000007b5d4a590,0x00000007b6c00000)
  to   space 29184K, 0% used [0x00000007b3300000,0x00000007b3300000,0x00000007b4f80000)
 ParOldGen       total 123392K, used 79960K [0x0000000760000000, 0x0000000767880000, 0x00000007a0000000)
  object space 123392K, 64% used [0x0000000760000000,0x0000000764e161f0,0x0000000767880000)
 Metaspace       used 93564K, capacity 98528K, committed 98600K, reserved 1134592K
  class space    used 12398K, capacity 13332K, committed 13360K, reserved 1048576K
}
Event: 145.670 GC heap before
{Heap before GC invocations=22 (full 4):
 PSYoungGen      total 336896K, used 7465K [0x00000007a0000000, 0x00000007b6c00000, 0x00000007c0000000)
  eden space 314368K, 0% used [0x00000007a0000000,0x00000007a0000000,0x00000007b3300000)
  from space 22528K, 33% used [0x00000007b5600000,0x00000007b5d4a590,0x00000007b6c00000)
  to   space 29184K, 0% used [0x00000007b3300000,0x00000007b3300000,0x00000007b4f80000)
 ParOldGen       total 123392K, used 79960K [0x0000000760000000, 0x0000000767880000, 0x00000007a0000000)
  object space 123392K, 64% used [0x0000000760000000,0x0000000764e161f0,0x0000000767880000)
 Metaspace       used 93564K, capacity 98528K, committed 98600K, reserved 1134592K
  class space    used 12398K, capacity 13332K, committed 13360K, reserved 1048576K
Event: 146.049 GC heap after
Heap after GC invocations=22 (full 4):
 PSYoungGen      total 336896K, used 0K [0x00000007a0000000, 0x00000007b6c00000, 0x00000007c0000000)
  eden space 314368K, 0% used [0x00000007a0000000,0x00000007a0000000,0x00000007b3300000)
  from space 22528K, 0% used [0x00000007b5600000,0x00000007b5600000,0x00000007b6c00000)
  to   space 29184K, 0% used [0x00000007b3300000,0x00000007b3300000,0x00000007b4f80000)
 ParOldGen       total 194048K, used 67103K [0x0000000760000000, 0x000000076bd80000, 0x00000007a0000000)
  object space 194048K, 34% used [0x0000000760000000,0x0000000764187ed8,0x000000076bd80000)
 Metaspace       used 93242K, capacity 97644K, committed 98600K, reserved 1134592K
  class space    used 12288K, capacity 13138K, committed 13360K, reserved 1048576K
}
Event: 152.370 GC heap before
{Heap before GC invocations=23 (full 4):
 PSYoungGen      total 336896K, used 314368K [0x00000007a0000000, 0x00000007b6c00000, 0x00000007c0000000)
  eden space 314368K, 100% used [0x00000007a0000000,0x00000007b3300000,0x00000007b3300000)
  from space 22528K, 0% used [0x00000007b5600000,0x00000007b5600000,0x00000007b6c00000)
  to   space 29184K, 0% used [0x00000007b3300000,0x00000007b3300000,0x00000007b4f80000)
 ParOldGen       total 194048K, used 67103K [0x0000000760000000, 0x000000076bd80000, 0x00000007a0000000)
  object space 194048K, 34% used [0x0000000760000000,0x0000000764187ed8,0x000000076bd80000)
 Metaspace       used 94172K, capacity 98778K, committed 99496K, reserved 1134592K
  class space    used 12357K, capacity 13283K, committed 13488K, reserved 1048576K
Event: 152.389 GC heap after
Heap after GC invocations=23 (full 4):
 PSYoungGen      total 343552K, used 4693K [0x00000007a0000000, 0x00000007b8900000, 0x00000007c0000000)
  eden space 314368K, 0% used [0x00000007a0000000,0x00000007a0000000,0x00000007b3300000)
  from space 29184K, 16% used [0x00000007b3300000,0x00000007b37955e0,0x00000007b4f80000)
  to   space 28672K, 0% used [0x00000007b6d00000,0x00000007b6d00000,0x00000007b8900000)
 ParOldGen       total 194048K, used 67111K [0x0000000760000000, 0x000000076bd80000, 0x00000007a0000000)
  object space 194048K, 34% used [0x0000000760000000,0x0000000764189ed8,0x000000076bd80000)
 Metaspace       used 94172K, capacity 98778K, committed 99496K, reserved 1134592K
  class space    used 12357K, capacity 13283K, committed 13488K, reserved 1048576K
}
Event: 202.554 GC heap before
{Heap before GC invocations=24 (full 4):
 PSYoungGen      total 343552K, used 319061K [0x00000007a0000000, 0x00000007b8900000, 0x00000007c0000000)
  eden space 314368K, 100% used [0x00000007a0000000,0x00000007b3300000,0x00000007b3300000)
  from space 29184K, 16% used [0x00000007b3300000,0x00000007b37955e0,0x00000007b4f80000)
  to   space 28672K, 0% used [0x00000007b6d00000,0x00000007b6d00000,0x00000007b8900000)
 ParOldGen       total 194048K, used 67111K [0x0000000760000000, 0x000000076bd80000, 0x00000007a0000000)
  object space 194048K, 34% used [0x0000000760000000,0x0000000764189ed8,0x000000076bd80000)
 Metaspace       used 96073K, capacity 100888K, committed 101416K, reserved 1136640K
  class space    used 12582K, capacity 13510K, committed 13616K, reserved 1048576K
Event: 202.640 GC heap after
Heap after GC invocations=24 (full 4):
 PSYoungGen      total 369664K, used 23691K [0x00000007a0000000, 0x00000007b8a00000, 0x00000007c0000000)
  eden space 340992K, 0% used [0x00000007a0000000,0x00000007a0000000,0x00000007b4d00000)
  from space 28672K, 82% used [0x00000007b6d00000,0x00000007b8422fe0,0x00000007b8900000)
  to   space 31232K, 0% used [0x00000007b4d00000,0x00000007b4d00000,0x00000007b6b80000)
 ParOldGen       total 194048K, used 67119K [0x0000000760000000, 0x000000076bd80000, 0x00000007a0000000)
  object space 194048K, 34% used [0x0000000760000000,0x000000076418bed8,0x000000076bd80000)
 Metaspace       used 96073K, capacity 100888K, committed 101416K, reserved 1136640K
  class space    used 12582K, capacity 13510K, committed 13616K, reserved 1048576K
}
Event: 223.696 GC heap before
{Heap before GC invocations=25 (full 4):
 PSYoungGen      total 369664K, used 364683K [0x00000007a0000000, 0x00000007b8a00000, 0x00000007c0000000)
  eden space 340992K, 100% used [0x00000007a0000000,0x00000007b4d00000,0x00000007b4d00000)
  from space 28672K, 82% used [0x00000007b6d00000,0x00000007b8422fe0,0x00000007b8900000)
  to   space 31232K, 0% used [0x00000007b4d00000,0x00000007b4d00000,0x00000007b6b80000)
 ParOldGen       total 194048K, used 67119K [0x0000000760000000, 0x000000076bd80000, 0x00000007a0000000)
  object space 194048K, 34% used [0x0000000760000000,0x000000076418bed8,0x000000076bd80000)
 Metaspace       used 96834K, capacity 101684K, committed 102056K, reserved 1138688K
  class space    used 12643K, capacity 13582K, committed 13744K, reserved 1048576K

